[debug] [2025-03-13T19:01:08.846Z] ----------------------------------------------------------------------
[debug] [2025-03-13T19:01:08.849Z] Command:       C:\Program Files\nodejs\node.exe C:\Users\sanja\AppData\Roaming\npm\node_modules\firebase-tools\lib\bin\firebase.js init
[debug] [2025-03-13T19:01:08.849Z] CLI Version:   13.33.0
[debug] [2025-03-13T19:01:08.849Z] Platform:      win32
[debug] [2025-03-13T19:01:08.849Z] Node Version:  v23.9.0
[debug] [2025-03-13T19:01:08.849Z] Time:          Thu Mar 13 2025 15:01:08 GMT-0400 (Eastern Daylight Time)
[debug] [2025-03-13T19:01:08.850Z] ----------------------------------------------------------------------
[debug] 
[debug] [2025-03-13T19:01:08.856Z] > command requires scopes: ["email","openid","https://www.googleapis.com/auth/cloudplatformprojects.readonly","https://www.googleapis.com/auth/firebase","https://www.googleapis.com/auth/cloud-platform"]
[debug] [2025-03-13T19:01:08.856Z] > authorizing via signed-in user (sanjanatagare02@gmail.com)
[info] 
     ######## #### ########  ######## ########     ###     ######  ########
     ##        ##  ##     ## ##       ##     ##  ##   ##  ##       ##
     ######    ##  ########  ######   ########  #########  ######  ######
     ##        ##  ##    ##  ##       ##     ## ##     ##       ## ##
     ##       #### ##     ## ######## ########  ##     ##  ######  ########

You're about to initialize a Firebase project in this directory:

  C:\Users\sanja\OneDrive\Desktop\web dev\react\1\reactAssgn1

[info] 
=== Project Setup
[info] 
[info] First, let's associate this project directory with a Firebase project.
[info] You can create multiple project aliases by running firebase use --add, 
[info] but for now we'll just set up a default project.
[info] 
[debug] [2025-03-13T19:02:07.115Z] Checked if tokens are valid: false, expires at: 1741319614133
[debug] [2025-03-13T19:02:07.115Z] Checked if tokens are valid: false, expires at: 1741319614133
[debug] [2025-03-13T19:02:07.116Z] > refreshing access token with scopes: []
[debug] [2025-03-13T19:02:07.118Z] >>> [apiv2][query] POST https://www.googleapis.com/oauth2/v3/token [none]
[debug] [2025-03-13T19:02:07.118Z] >>> [apiv2][body] POST https://www.googleapis.com/oauth2/v3/token [omitted]
[debug] [2025-03-13T19:02:07.324Z] <<< [apiv2][status] POST https://www.googleapis.com/oauth2/v3/token 200
[debug] [2025-03-13T19:02:07.324Z] <<< [apiv2][body] POST https://www.googleapis.com/oauth2/v3/token [omitted]
[debug] [2025-03-13T19:02:07.338Z] >>> [apiv2][query] GET https://firebase.googleapis.com/v1beta1/projects pageSize=100
[debug] [2025-03-13T19:02:07.697Z] <<< [apiv2][status] GET https://firebase.googleapis.com/v1beta1/projects 200
[debug] [2025-03-13T19:02:07.697Z] <<< [apiv2][body] GET https://firebase.googleapis.com/v1beta1/projects [omitted]
[info] i  Using project sanj-5ffa9 (sanj) 
[info] 
=== Hosting Setup
[debug] [2025-03-13T19:02:13.115Z] Checked if tokens are valid: true, expires at: 1741896126324
[debug] [2025-03-13T19:02:13.115Z] Checked if tokens are valid: true, expires at: 1741896126324
[debug] [2025-03-13T19:02:13.116Z] >>> [apiv2][query] GET https://firebase.googleapis.com/v1beta1/projects/sanj-5ffa9 [none]
[debug] [2025-03-13T19:02:13.415Z] <<< [apiv2][status] GET https://firebase.googleapis.com/v1beta1/projects/sanj-5ffa9 200
[debug] [2025-03-13T19:02:13.416Z] <<< [apiv2][body] GET https://firebase.googleapis.com/v1beta1/projects/sanj-5ffa9 {"projectId":"sanj-5ffa9","projectNumber":"1043987369762","displayName":"sanj","name":"projects/sanj-5ffa9","resources":{"hostingSite":"sanj-5ffa9"},"state":"ACTIVE","etag":"1_4365eae9-c4ac-485b-af95-08b468288113"}
[info] 
[info] Your public directory is the folder (relative to your project directory) that
[info] will contain Hosting assets to be uploaded with firebase deploy. If you
[info] have a build process for your assets, use your build's output directory.
[info] 
[debug] [2025-03-13T19:02:37.020Z] >>> [apiv2][query] GET https://www.gstatic.com/firebasejs/releases.json [none]
[debug] [2025-03-13T19:02:37.364Z] <<< [apiv2][status] GET https://www.gstatic.com/firebasejs/releases.json 200
[debug] [2025-03-13T19:02:37.364Z] <<< [apiv2][body] GET https://www.gstatic.com/firebasejs/releases.json {"current":{"version":"11.4.0","browserURL":"https://www.gstatic.com/firebasejs/11.4.0/firebase.js","packageURL":"https://www.gstatic.com/firebasejs/11.4.0/firebase.tgz"},"live":{"version":"11.4","browserURL":"https://www.gstatic.com/firebasejs/live/11.4/firebase.js","packageURL":"https://www.gstatic.com/firebasejs/live/11.4/firebase.tgz"},"components":{"analytics":"https://www.gstatic.com/firebasejs/11.4.0/firebase-analytics.js","app":"https://www.gstatic.com/firebasejs/11.4.0/firebase-app.js","app-check":"https://www.gstatic.com/firebasejs/11.4.0/firebase-app-check.js","auth":"https://www.gstatic.com/firebasejs/11.4.0/firebase-auth.js","auth/cordova":"https://www.gstatic.com/firebasejs/11.4.0/firebase-auth/cordova.js","auth/web-extension":"https://www.gstatic.com/firebasejs/11.4.0/firebase-auth/web-extension.js","functions":"https://www.gstatic.com/firebasejs/11.4.0/firebase-functions.js","firestore":"https://www.gstatic.com/firebasejs/11.4.0/firebase-firestore.js","firestore/lite":"https://www.gstatic.com/firebasejs/11.4.0/firebase-firestore/lite.js","installations":"https://www.gstatic.com/firebasejs/11.4.0/firebase-installations.js","storage":"https://www.gstatic.com/firebasejs/11.4.0/firebase-storage.js","performance":"https://www.gstatic.com/firebasejs/11.4.0/firebase-performance.js","remote-config":"https://www.gstatic.com/firebasejs/11.4.0/firebase-remote-config.js","messaging":"https://www.gstatic.com/firebasejs/11.4.0/firebase-messaging.js","messaging/sw":"https://www.gstatic.com/firebasejs/11.4.0/firebase-messaging/sw.js","database":"https://www.gstatic.com/firebasejs/11.4.0/firebase-database.js","vertexai":"https://www.gstatic.com/firebasejs/11.4.0/firebase-vertexai.js","data-connect":"https://www.gstatic.com/firebasejs/11.4.0/firebase-data-connect.js","firestore.memory":"https://www.gstatic.com/firebasejs/11.4.0/firebase-firestore.memory.js"}}
[info] +  Wrote public/index.html 
[info] 
[info] i  Detected a .git folder at C:\Users\sanja\OneDrive\Desktop\web dev\react\1\reactAssgn1 
[info] i  Authorizing with GitHub to upload your service account to a GitHub repository's secrets store. 
[info] 
[info] Visit this URL on this device to log in:
[info] https://github.com/login/oauth/authorize?client_id=89cf50f02ac6aaed3484&state=717864825&redirect_uri=http%3A%2F%2Flocalhost%3A9005&scope=read%3Auser%20repo%20public_repo
[info] 
[info] Waiting for authentication...
[debug] [2025-03-13T19:02:51.203Z] >>> [apiv2][query] POST https://github.com/login/oauth/access_token [none]
[debug] [2025-03-13T19:02:51.203Z] >>> [apiv2][body] POST https://github.com/login/oauth/access_token [stream]
[debug] [2025-03-13T19:02:51.489Z] <<< [apiv2][status] POST https://github.com/login/oauth/access_token 200
[debug] [2025-03-13T19:02:51.489Z] <<< [apiv2][body] POST https://github.com/login/oauth/access_token {"access_token":"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","token_type":"bearer","scope":"read:user,repo"}
[debug] [2025-03-13T19:02:51.498Z] >>> [apiv2][query] GET https://api.github.com/user [none]
[debug] [2025-03-13T19:02:51.752Z] <<< [apiv2][status] GET https://api.github.com/user 200
[debug] [2025-03-13T19:02:51.752Z] <<< [apiv2][body] GET https://api.github.com/user {"login":"Sanjanatag","id":162710321,"node_id":"U_kgDOCbLDMQ","avatar_url":"https://avatars.githubusercontent.com/u/162710321?v=4","gravatar_id":"","url":"https://api.github.com/users/Sanjanatag","html_url":"https://github.com/Sanjanatag","followers_url":"https://api.github.com/users/Sanjanatag/followers","following_url":"https://api.github.com/users/Sanjanatag/following{/other_user}","gists_url":"https://api.github.com/users/Sanjanatag/gists{/gist_id}","starred_url":"https://api.github.com/users/Sanjanatag/starred{/owner}{/repo}","subscriptions_url":"https://api.github.com/users/Sanjanatag/subscriptions","organizations_url":"https://api.github.com/users/Sanjanatag/orgs","repos_url":"https://api.github.com/users/Sanjanatag/repos","events_url":"https://api.github.com/users/Sanjanatag/events{/privacy}","received_events_url":"https://api.github.com/users/Sanjanatag/received_events","type":"User","user_view_type":"private","site_admin":false,"name":"Sanjana Tagare","company":null,"blog":"","location":"United States","email":null,"hireable":null,"bio":null,"twitter_username":null,"notification_email":null,"public_repos":2,"public_gists":0,"followers":0,"following":0,"created_at":"2024-03-08T12:53:07Z","updated_at":"2025-02-24T02:01:34Z","private_gists":0,"total_private_repos":0,"owned_private_repos":0,"disk_usage":1733,"collaborators":0,"two_factor_authentication":false,"plan":{"name":"free","space":976562499,"collaborators":0,"private_repos":10000}}
[info] 
[info] +  Success! Logged into GitHub as Sanjanatag 
[info] 
